<?xml version="1.0" encoding="UTF-8"?>
<TestRun id="7c779f1d-005a-4c3b-b4f6-07d602dbe45d" name="Administrator@MSSQLSERVER 2020-06-21 22:18:44" runUser="MSSQLSERVER\Administrator" xmlns="http://microsoft.com/schemas/VisualStudio/TeamTest/2006">
  <TestRunConfiguration name="Local Test Run" id="e3264741-4540-4a4a-a8de-576e98effc19">
    <Description>This is a default test run configuration for a local test run.</Description>
    <Deployment runDeploymentRoot="C:\Users\Administrator\Desktop\Projekt\Testy\test\TestResults\Administrator_MSSQLSERVER 2020-06-21 22_18_44">
      <DeploymentItem filename="C:\Users\Administrator\Desktop\Projekt\Testy\test\bin\Release\test.exe" />
      <DeploymentItem filename="C:\Users\Administrator\Desktop\Projekt\Projekt\obj\Debug\SqlClassLibrary.dll" />
    </Deployment>
    <TestTypeSpecific />
  </TestRunConfiguration>
  <ResultSummary outcome="Completed">
    <Counters total="4" executed="4" passed="4" error="0" failed="0" timeout="0" aborted="0" inconclusive="0" passedButRunAborted="0" notRunnable="0" notExecuted="0" disconnected="0" warning="0" completed="0" inProgress="0" pending="0" />
  </ResultSummary>
  <Times creation="2020-06-21T22:18:44.1100800+02:00" queuing="2020-06-21T22:18:44.6100800+02:00" start="2020-06-21T22:18:44.7370800+02:00" finish="2020-06-21T22:18:53.1920800+02:00" />
  <TestDefinitions>
    <UnitTest name="AreaTest" storage="c:\users\administrator\desktop\projekt\testy\unittests\bin\debug\unittests.dll" id="94eb9265-23af-e4a5-9643-5f18c53c7a87">
      <Css projectStructure="" iteration="" />
      <Owners>
        <Owner name="" />
      </Owners>
      <Execution id="644b3b42-bb09-4cdd-aa40-bb3c8e5090de" />
      <TestMethod codeBase="C:\Users\Administrator\Desktop\Projekt\Testy\unitTests\bin\Debug\unitTests.dll" adapterTypeName="Microsoft.VisualStudio.TestTools.TestTypes.Unit.UnitTestAdapter, Microsoft.VisualStudio.QualityTools.Tips.UnitTest.Adapter, Version=9.0.0.0, Culture=neutral, PublicKeyToken=b03f5f7f11d50a3a" className="unitTests.UnitTest, unitTests" name="AreaTest" />
    </UnitTest>
    <UnitTest name="LenghtTest2" storage="c:\users\administrator\desktop\projekt\testy\unittests\bin\debug\unittests.dll" id="04218712-d607-2bab-9c62-3b4a42925934">
      <Css projectStructure="" iteration="" />
      <Owners>
        <Owner name="" />
      </Owners>
      <Execution id="51016ac7-c546-4d0d-9092-047a51209822" />
      <TestMethod codeBase="C:\Users\Administrator\Desktop\Projekt\Testy\unitTests\bin\Debug\unitTests.dll" adapterTypeName="Microsoft.VisualStudio.TestTools.TestTypes.Unit.UnitTestAdapter, Microsoft.VisualStudio.QualityTools.Tips.UnitTest.Adapter, Version=9.0.0.0, Culture=neutral, PublicKeyToken=b03f5f7f11d50a3a" className="unitTests.UnitTest, unitTests" name="LenghtTest2" />
    </UnitTest>
    <UnitTest name="LenghtTest1" storage="c:\users\administrator\desktop\projekt\testy\unittests\bin\debug\unittests.dll" id="a2358529-9339-1672-c05a-c788fe0ca1bd">
      <Css projectStructure="" iteration="" />
      <Owners>
        <Owner name="" />
      </Owners>
      <Execution id="5a333e20-aa4e-4b85-917a-fdc19457cd1a" />
      <TestMethod codeBase="C:\Users\Administrator\Desktop\Projekt\Testy\unitTests\bin\Debug\unitTests.dll" adapterTypeName="Microsoft.VisualStudio.TestTools.TestTypes.Unit.UnitTestAdapter, Microsoft.VisualStudio.QualityTools.Tips.UnitTest.Adapter, Version=9.0.0.0, Culture=neutral, PublicKeyToken=b03f5f7f11d50a3a" className="unitTests.UnitTest, unitTests" name="LenghtTest1" />
    </UnitTest>
    <UnitTest name="LenghtTest3" storage="c:\users\administrator\desktop\projekt\testy\unittests\bin\debug\unittests.dll" id="4f08e93b-d94b-f524-4628-b652b170257a">
      <Css projectStructure="" iteration="" />
      <Owners>
        <Owner name="" />
      </Owners>
      <Execution id="7e9ecf3d-3a8f-48bc-b697-b038de43f331" />
      <TestMethod codeBase="C:\Users\Administrator\Desktop\Projekt\Testy\unitTests\bin\Debug\unitTests.dll" adapterTypeName="Microsoft.VisualStudio.TestTools.TestTypes.Unit.UnitTestAdapter, Microsoft.VisualStudio.QualityTools.Tips.UnitTest.Adapter, Version=9.0.0.0, Culture=neutral, PublicKeyToken=b03f5f7f11d50a3a" className="unitTests.UnitTest, unitTests" name="LenghtTest3" />
    </UnitTest>
  </TestDefinitions>
  <TestLists>
    <TestList name="Results Not in a List" id="8c84fa94-04c1-424b-9868-57a2d4851a1d" />
    <TestList name="All Loaded Results" id="19431567-8539-422a-85d7-44ee4e166bda" />
  </TestLists>
  <TestEntries>
    <TestEntry testId="04218712-d607-2bab-9c62-3b4a42925934" executionId="51016ac7-c546-4d0d-9092-047a51209822" testListId="8c84fa94-04c1-424b-9868-57a2d4851a1d" />
    <TestEntry testId="4f08e93b-d94b-f524-4628-b652b170257a" executionId="7e9ecf3d-3a8f-48bc-b697-b038de43f331" testListId="8c84fa94-04c1-424b-9868-57a2d4851a1d" />
    <TestEntry testId="94eb9265-23af-e4a5-9643-5f18c53c7a87" executionId="644b3b42-bb09-4cdd-aa40-bb3c8e5090de" testListId="8c84fa94-04c1-424b-9868-57a2d4851a1d" />
    <TestEntry testId="a2358529-9339-1672-c05a-c788fe0ca1bd" executionId="5a333e20-aa4e-4b85-917a-fdc19457cd1a" testListId="8c84fa94-04c1-424b-9868-57a2d4851a1d" />
  </TestEntries>
  <Results>
    <UnitTestResult executionId="51016ac7-c546-4d0d-9092-047a51209822" testId="04218712-d607-2bab-9c62-3b4a42925934" testName="LenghtTest2" computerName="MSSQLSERVER" duration="00:00:00.0744542" startTime="2020-06-21T22:18:44.7810800+02:00" endTime="2020-06-21T22:18:44.9900800+02:00" testType="13cdc9d9-ddb5-4fa4-a97d-d965ccfc6d4b" outcome="Passed" testListId="8c84fa94-04c1-424b-9868-57a2d4851a1d">
      <Output>
        <StdOut>-- DB Connection OK --
INSERT INTO points VALUES ('3,8'),('10,14'),('12,2'),('11,-6'),('-3,-9'),('-13,0'),('-9,10'),('3,8');
LOADED points and their indexes: 
1, (3, 8)
2, (10, 14)
3, (12, 2)
4, (11, -6)
5, (-3, -9)
6, (-13, 0)
7, (-9, 10)
8, (3, 8)</StdOut>
      </Output>
    </UnitTestResult>
    <UnitTestResult executionId="7e9ecf3d-3a8f-48bc-b697-b038de43f331" testId="4f08e93b-d94b-f524-4628-b652b170257a" testName="LenghtTest3" computerName="MSSQLSERVER" duration="00:00:00.0161520" startTime="2020-06-21T22:18:44.9930800+02:00" endTime="2020-06-21T22:18:45.0120800+02:00" testType="13cdc9d9-ddb5-4fa4-a97d-d965ccfc6d4b" outcome="Passed" testListId="8c84fa94-04c1-424b-9868-57a2d4851a1d">
      <Output>
        <StdOut>-- DB Connection OK --
INSERT INTO points VALUES ('3,8'),('10,14'),('12,2'),('11,-6'),('-3,-9'),('-13,0'),('-9,10'),('3,8');
LOADED points and their indexes: 
1, (3, 8)
2, (10, 14)
3, (12, 2)
4, (11, -6)
5, (-3, -9)
6, (-13, 0)
7, (-9, 10)
8, (3, 8)
9, (3, 8)
10, (10, 14)
11, (12, 2)
12, (11, -6)
13, (-3, -9)
14, (-13, 0)
15, (-9, 10)
16, (3, 8)</StdOut>
      </Output>
    </UnitTestResult>
    <UnitTestResult executionId="644b3b42-bb09-4cdd-aa40-bb3c8e5090de" testId="94eb9265-23af-e4a5-9643-5f18c53c7a87" testName="AreaTest" computerName="MSSQLSERVER" duration="00:00:07.9899945" startTime="2020-06-21T22:18:45.0140800+02:00" endTime="2020-06-21T22:18:53.0160800+02:00" testType="13cdc9d9-ddb5-4fa4-a97d-d965ccfc6d4b" outcome="Passed" testListId="8c84fa94-04c1-424b-9868-57a2d4851a1d">
      <Output>
        <StdOut>-- DB Connection OK --
INSERT INTO points VALUES ('3,8'),('10,14'),('12,2'),('11,-6'),('-3,-9'),('-13,0'),('-9,10'),('3,8');
LOADED points and their indexes: 
1, (3, 8)
2, (10, 14)
3, (12, 2)
4, (11, -6)
5, (-3, -9)
6, (-13, 0)
7, (-9, 10)
8, (3, 8)
9, (3, 8)
10, (10, 14)
11, (12, 2)
12, (11, -6)
13, (-3, -9)
14, (-13, 0)
15, (-9, 10)
16, (3, 8)
17, (3, 8)
18, (10, 14)
19, (12, 2)
20, (11, -6)
21, (-3, -9)
22, (-13, 0)
23, (-9, 10)
24, (3, 8)
area: 373.05425</StdOut>
      </Output>
    </UnitTestResult>
    <UnitTestResult executionId="5a333e20-aa4e-4b85-917a-fdc19457cd1a" testId="a2358529-9339-1672-c05a-c788fe0ca1bd" testName="LenghtTest1" computerName="MSSQLSERVER" duration="00:00:00.0329226" startTime="2020-06-21T22:18:53.0200800+02:00" endTime="2020-06-21T22:18:53.0550800+02:00" testType="13cdc9d9-ddb5-4fa4-a97d-d965ccfc6d4b" outcome="Passed" testListId="8c84fa94-04c1-424b-9868-57a2d4851a1d">
      <Output>
        <StdOut>-- DB Connection OK --
INSERT INTO points VALUES ('3,8'),('10,14'),('12,2'),('11,-6'),('-3,-9'),('-13,0'),('-9,10'),('3,8');
LOADED points and their indexes: 
1, (3, 8)
2, (10, 14)
3, (12, 2)
4, (11, -6)
5, (-3, -9)
6, (-13, 0)
7, (-9, 10)
8, (3, 8)
9, (3, 8)
10, (10, 14)
11, (12, 2)
12, (11, -6)
13, (-3, -9)
14, (-13, 0)
15, (-9, 10)
16, (3, 8)
17, (3, 8)
18, (10, 14)
19, (12, 2)
20, (11, -6)
21, (-3, -9)
22, (-13, 0)
23, (-9, 10)
24, (3, 8)
25, (3, 8)
26, (10, 14)
27, (12, 2)
28, (11, -6)
29, (-3, -9)
30, (-13, 0)
31, (-9, 10)
32, (3, 8)</StdOut>
      </Output>
    </UnitTestResult>
  </Results>
</TestRun>