<?xml version="1.0" encoding="UTF-8"?>
<TestRun id="9b0a0fda-f671-4777-a99a-9f7fc2bbf93a" name="Administrator@MSSQLSERVER 2020-06-21 23:00:06" runUser="MSSQLSERVER\Administrator" xmlns="http://microsoft.com/schemas/VisualStudio/TeamTest/2006">
  <TestRunConfiguration name="Local Test Run" id="e3264741-4540-4a4a-a8de-576e98effc19">
    <Description>This is a default test run configuration for a local test run.</Description>
    <Deployment runDeploymentRoot="C:\Users\Administrator\Desktop\Projekt\Testy\test\TestResults\Administrator_MSSQLSERVER 2020-06-21 23_00_06">
      <DeploymentItem filename="C:\Users\Administrator\Desktop\Projekt\Testy\test\bin\Release\test.exe" />
      <DeploymentItem filename="C:\Users\Administrator\Desktop\Projekt\Projekt\obj\Debug\SqlClassLibrary.dll" />
    </Deployment>
    <TestTypeSpecific />
  </TestRunConfiguration>
  <ResultSummary outcome="Failed">
    <Counters total="8" executed="8" passed="7" error="0" failed="1" timeout="0" aborted="0" inconclusive="0" passedButRunAborted="0" notRunnable="0" notExecuted="0" disconnected="0" warning="0" completed="0" inProgress="0" pending="0" />
  </ResultSummary>
  <Times creation="2020-06-21T23:00:06.8720800+02:00" queuing="2020-06-21T23:00:07.4110800+02:00" start="2020-06-21T23:00:07.5070800+02:00" finish="2020-06-21T23:00:09.8200800+02:00" />
  <TestDefinitions>
    <UnitTest name="PointInclusionTest3" storage="c:\users\administrator\desktop\projekt\testy\unittests\bin\debug\unittests.dll" id="64ccbf21-67c3-f460-f6d8-694fe6751bbb">
      <Css projectStructure="" iteration="" />
      <Owners>
        <Owner name="" />
      </Owners>
      <Execution id="a5bd6f53-70ff-4d9d-bd64-02c8af1838e2" />
      <TestMethod codeBase="C:\Users\Administrator\Desktop\Projekt\Testy\unitTests\bin\Debug\unitTests.dll" adapterTypeName="Microsoft.VisualStudio.TestTools.TestTypes.Unit.UnitTestAdapter, Microsoft.VisualStudio.QualityTools.Tips.UnitTest.Adapter, Version=9.0.0.0, Culture=neutral, PublicKeyToken=b03f5f7f11d50a3a" className="unitTests.UnitTest, unitTests" name="PointInclusionTest3" />
    </UnitTest>
    <UnitTest name="PointInclusionTest1" storage="c:\users\administrator\desktop\projekt\testy\unittests\bin\debug\unittests.dll" id="6ed5ea67-55d0-1364-da6d-4afd738a0e9f">
      <Css projectStructure="" iteration="" />
      <Owners>
        <Owner name="" />
      </Owners>
      <Execution id="0fc5b7d8-1dad-4626-a3ce-0287451a532d" />
      <TestMethod codeBase="C:\Users\Administrator\Desktop\Projekt\Testy\unitTests\bin\Debug\unitTests.dll" adapterTypeName="Microsoft.VisualStudio.TestTools.TestTypes.Unit.UnitTestAdapter, Microsoft.VisualStudio.QualityTools.Tips.UnitTest.Adapter, Version=9.0.0.0, Culture=neutral, PublicKeyToken=b03f5f7f11d50a3a" className="unitTests.UnitTest, unitTests" name="PointInclusionTest1" />
    </UnitTest>
    <UnitTest name="LenghtTest3" storage="c:\users\administrator\desktop\projekt\testy\unittests\bin\debug\unittests.dll" id="4f08e93b-d94b-f524-4628-b652b170257a">
      <Css projectStructure="" iteration="" />
      <Owners>
        <Owner name="" />
      </Owners>
      <Execution id="f66f0a22-b83f-4e20-839e-a9d5d3e9f913" />
      <TestMethod codeBase="C:\Users\Administrator\Desktop\Projekt\Testy\unitTests\bin\Debug\unitTests.dll" adapterTypeName="Microsoft.VisualStudio.TestTools.TestTypes.Unit.UnitTestAdapter, Microsoft.VisualStudio.QualityTools.Tips.UnitTest.Adapter, Version=9.0.0.0, Culture=neutral, PublicKeyToken=b03f5f7f11d50a3a" className="unitTests.UnitTest, unitTests" name="LenghtTest3" />
    </UnitTest>
    <UnitTest name="PointInclusionTest2" storage="c:\users\administrator\desktop\projekt\testy\unittests\bin\debug\unittests.dll" id="fb408dc1-6238-b282-156a-98f9d452e49a">
      <Css projectStructure="" iteration="" />
      <Owners>
        <Owner name="" />
      </Owners>
      <Execution id="d90cb09a-067c-46f8-8cbd-405a20269995" />
      <TestMethod codeBase="C:\Users\Administrator\Desktop\Projekt\Testy\unitTests\bin\Debug\unitTests.dll" adapterTypeName="Microsoft.VisualStudio.TestTools.TestTypes.Unit.UnitTestAdapter, Microsoft.VisualStudio.QualityTools.Tips.UnitTest.Adapter, Version=9.0.0.0, Culture=neutral, PublicKeyToken=b03f5f7f11d50a3a" className="unitTests.UnitTest, unitTests" name="PointInclusionTest2" />
    </UnitTest>
    <UnitTest name="LenghtTest2" storage="c:\users\administrator\desktop\projekt\testy\unittests\bin\debug\unittests.dll" id="04218712-d607-2bab-9c62-3b4a42925934">
      <Css projectStructure="" iteration="" />
      <Owners>
        <Owner name="" />
      </Owners>
      <Execution id="64d8ac54-e3aa-48bb-b193-cb27887f39b9" />
      <TestMethod codeBase="C:\Users\Administrator\Desktop\Projekt\Testy\unitTests\bin\Debug\unitTests.dll" adapterTypeName="Microsoft.VisualStudio.TestTools.TestTypes.Unit.UnitTestAdapter, Microsoft.VisualStudio.QualityTools.Tips.UnitTest.Adapter, Version=9.0.0.0, Culture=neutral, PublicKeyToken=b03f5f7f11d50a3a" className="unitTests.UnitTest, unitTests" name="LenghtTest2" />
    </UnitTest>
    <UnitTest name="LenghtTest1" storage="c:\users\administrator\desktop\projekt\testy\unittests\bin\debug\unittests.dll" id="a2358529-9339-1672-c05a-c788fe0ca1bd">
      <Css projectStructure="" iteration="" />
      <Owners>
        <Owner name="" />
      </Owners>
      <Execution id="39c0175f-d2b7-484a-826f-c5158212b08d" />
      <TestMethod codeBase="C:\Users\Administrator\Desktop\Projekt\Testy\unitTests\bin\Debug\unitTests.dll" adapterTypeName="Microsoft.VisualStudio.TestTools.TestTypes.Unit.UnitTestAdapter, Microsoft.VisualStudio.QualityTools.Tips.UnitTest.Adapter, Version=9.0.0.0, Culture=neutral, PublicKeyToken=b03f5f7f11d50a3a" className="unitTests.UnitTest, unitTests" name="LenghtTest1" />
    </UnitTest>
    <UnitTest name="PointInclusionTest4" storage="c:\users\administrator\desktop\projekt\testy\unittests\bin\debug\unittests.dll" id="0e8a3679-2481-360e-0dd8-c15a100fc509">
      <Css projectStructure="" iteration="" />
      <Owners>
        <Owner name="" />
      </Owners>
      <Execution id="99bf516a-ce0a-420d-ab79-bfaa093f443e" />
      <TestMethod codeBase="C:\Users\Administrator\Desktop\Projekt\Testy\unitTests\bin\Debug\unitTests.dll" adapterTypeName="Microsoft.VisualStudio.TestTools.TestTypes.Unit.UnitTestAdapter, Microsoft.VisualStudio.QualityTools.Tips.UnitTest.Adapter, Version=9.0.0.0, Culture=neutral, PublicKeyToken=b03f5f7f11d50a3a" className="unitTests.UnitTest, unitTests" name="PointInclusionTest4" />
    </UnitTest>
    <UnitTest name="AreaTest" storage="c:\users\administrator\desktop\projekt\testy\unittests\bin\debug\unittests.dll" id="94eb9265-23af-e4a5-9643-5f18c53c7a87">
      <Css projectStructure="" iteration="" />
      <Owners>
        <Owner name="" />
      </Owners>
      <Execution id="a30b35a4-ff40-42f7-b9e4-b8710a3314e5" />
      <TestMethod codeBase="C:\Users\Administrator\Desktop\Projekt\Testy\unitTests\bin\Debug\unitTests.dll" adapterTypeName="Microsoft.VisualStudio.TestTools.TestTypes.Unit.UnitTestAdapter, Microsoft.VisualStudio.QualityTools.Tips.UnitTest.Adapter, Version=9.0.0.0, Culture=neutral, PublicKeyToken=b03f5f7f11d50a3a" className="unitTests.UnitTest, unitTests" name="AreaTest" />
    </UnitTest>
  </TestDefinitions>
  <TestLists>
    <TestList name="Results Not in a List" id="8c84fa94-04c1-424b-9868-57a2d4851a1d" />
    <TestList name="All Loaded Results" id="19431567-8539-422a-85d7-44ee4e166bda" />
  </TestLists>
  <TestEntries>
    <TestEntry testId="04218712-d607-2bab-9c62-3b4a42925934" executionId="64d8ac54-e3aa-48bb-b193-cb27887f39b9" testListId="8c84fa94-04c1-424b-9868-57a2d4851a1d" />
    <TestEntry testId="0e8a3679-2481-360e-0dd8-c15a100fc509" executionId="99bf516a-ce0a-420d-ab79-bfaa093f443e" testListId="8c84fa94-04c1-424b-9868-57a2d4851a1d" />
    <TestEntry testId="4f08e93b-d94b-f524-4628-b652b170257a" executionId="f66f0a22-b83f-4e20-839e-a9d5d3e9f913" testListId="8c84fa94-04c1-424b-9868-57a2d4851a1d" />
    <TestEntry testId="64ccbf21-67c3-f460-f6d8-694fe6751bbb" executionId="a5bd6f53-70ff-4d9d-bd64-02c8af1838e2" testListId="8c84fa94-04c1-424b-9868-57a2d4851a1d" />
    <TestEntry testId="6ed5ea67-55d0-1364-da6d-4afd738a0e9f" executionId="0fc5b7d8-1dad-4626-a3ce-0287451a532d" testListId="8c84fa94-04c1-424b-9868-57a2d4851a1d" />
    <TestEntry testId="94eb9265-23af-e4a5-9643-5f18c53c7a87" executionId="a30b35a4-ff40-42f7-b9e4-b8710a3314e5" testListId="8c84fa94-04c1-424b-9868-57a2d4851a1d" />
    <TestEntry testId="a2358529-9339-1672-c05a-c788fe0ca1bd" executionId="39c0175f-d2b7-484a-826f-c5158212b08d" testListId="8c84fa94-04c1-424b-9868-57a2d4851a1d" />
    <TestEntry testId="fb408dc1-6238-b282-156a-98f9d452e49a" executionId="d90cb09a-067c-46f8-8cbd-405a20269995" testListId="8c84fa94-04c1-424b-9868-57a2d4851a1d" />
  </TestEntries>
  <Results>
    <UnitTestResult executionId="64d8ac54-e3aa-48bb-b193-cb27887f39b9" testId="04218712-d607-2bab-9c62-3b4a42925934" testName="LenghtTest2" computerName="MSSQLSERVER" duration="00:00:00.3019701" startTime="2020-06-21T23:00:07.6160800+02:00" endTime="2020-06-21T23:00:08.0590800+02:00" testType="13cdc9d9-ddb5-4fa4-a97d-d965ccfc6d4b" outcome="Passed" testListId="8c84fa94-04c1-424b-9868-57a2d4851a1d">
      <Output>
        <StdOut>-- DB Connection OK --
INSERT INTO points VALUES ('3,8'),('10,14'),('12,2'),('11,-6'),('-3,-9'),('-13,0'),('-9,10'),('3,8');
LOADED points and their indexes: 
1, (3, 8)
2, (10, 14)
3, (12, 2)
4, (11, -6)
5, (-3, -9)
6, (-13, 0)
7, (-9, 10)
8, (3, 8)</StdOut>
      </Output>
    </UnitTestResult>
    <UnitTestResult executionId="99bf516a-ce0a-420d-ab79-bfaa093f443e" testId="0e8a3679-2481-360e-0dd8-c15a100fc509" testName="PointInclusionTest4" computerName="MSSQLSERVER" duration="00:00:00.0325289" startTime="2020-06-21T23:00:08.0640800+02:00" endTime="2020-06-21T23:00:08.1010800+02:00" testType="13cdc9d9-ddb5-4fa4-a97d-d965ccfc6d4b" outcome="Passed" testListId="8c84fa94-04c1-424b-9868-57a2d4851a1d">
      <Output>
        <StdOut>-- DB Connection OK --
INSERT INTO points VALUES ('3,8'),('10,14'),('12,2'),('11,-6'),('-3,-9'),('-13,0'),('-9,10'),('3,8');
LOADED points and their indexes: 
1, (3, 8)
2, (10, 14)
3, (12, 2)
4, (11, -6)
5, (-3, -9)
6, (-13, 0)
7, (-9, 10)
8, (3, 8)</StdOut>
      </Output>
    </UnitTestResult>
    <UnitTestResult executionId="f66f0a22-b83f-4e20-839e-a9d5d3e9f913" testId="4f08e93b-d94b-f524-4628-b652b170257a" testName="LenghtTest3" computerName="MSSQLSERVER" duration="00:00:00.0304461" startTime="2020-06-21T23:00:08.1040800+02:00" endTime="2020-06-21T23:00:08.1380800+02:00" testType="13cdc9d9-ddb5-4fa4-a97d-d965ccfc6d4b" outcome="Passed" testListId="8c84fa94-04c1-424b-9868-57a2d4851a1d">
      <Output>
        <StdOut>-- DB Connection OK --
INSERT INTO points VALUES ('3,8'),('10,14'),('12,2'),('11,-6'),('-3,-9'),('-13,0'),('-9,10'),('3,8');
LOADED points and their indexes: 
1, (3, 8)
2, (10, 14)
3, (12, 2)
4, (11, -6)
5, (-3, -9)
6, (-13, 0)
7, (-9, 10)
8, (3, 8)</StdOut>
      </Output>
    </UnitTestResult>
    <UnitTestResult executionId="a5bd6f53-70ff-4d9d-bd64-02c8af1838e2" testId="64ccbf21-67c3-f460-f6d8-694fe6751bbb" testName="PointInclusionTest3" computerName="MSSQLSERVER" duration="00:00:00.0257900" startTime="2020-06-21T23:00:08.1410800+02:00" endTime="2020-06-21T23:00:08.1700800+02:00" testType="13cdc9d9-ddb5-4fa4-a97d-d965ccfc6d4b" outcome="Passed" testListId="8c84fa94-04c1-424b-9868-57a2d4851a1d">
      <Output>
        <StdOut>-- DB Connection OK --
INSERT INTO points VALUES ('3,8'),('10,14'),('12,2'),('11,-6'),('-3,-9'),('-13,0'),('-9,10'),('3,8');
LOADED points and their indexes: 
1, (3, 8)
2, (10, 14)
3, (12, 2)
4, (11, -6)
5, (-3, -9)
6, (-13, 0)
7, (-9, 10)
8, (3, 8)</StdOut>
      </Output>
    </UnitTestResult>
    <UnitTestResult executionId="0fc5b7d8-1dad-4626-a3ce-0287451a532d" testId="6ed5ea67-55d0-1364-da6d-4afd738a0e9f" testName="PointInclusionTest1" computerName="MSSQLSERVER" duration="00:00:00.0258927" startTime="2020-06-21T23:00:08.1730800+02:00" endTime="2020-06-21T23:00:08.2020800+02:00" testType="13cdc9d9-ddb5-4fa4-a97d-d965ccfc6d4b" outcome="Passed" testListId="8c84fa94-04c1-424b-9868-57a2d4851a1d">
      <Output>
        <StdOut>-- DB Connection OK --
INSERT INTO points VALUES ('3,8'),('10,14'),('12,2'),('11,-6'),('-3,-9'),('-13,0'),('-9,10'),('3,8');
LOADED points and their indexes: 
1, (3, 8)
2, (10, 14)
3, (12, 2)
4, (11, -6)
5, (-3, -9)
6, (-13, 0)
7, (-9, 10)
8, (3, 8)</StdOut>
      </Output>
    </UnitTestResult>
    <UnitTestResult executionId="a30b35a4-ff40-42f7-b9e4-b8710a3314e5" testId="94eb9265-23af-e4a5-9643-5f18c53c7a87" testName="AreaTest" computerName="MSSQLSERVER" duration="00:00:00.9260887" startTime="2020-06-21T23:00:08.2050800+02:00" endTime="2020-06-21T23:00:09.1350800+02:00" testType="13cdc9d9-ddb5-4fa4-a97d-d965ccfc6d4b" outcome="Passed" testListId="8c84fa94-04c1-424b-9868-57a2d4851a1d">
      <Output>
        <StdOut>-- DB Connection OK --
INSERT INTO points VALUES ('3,8'),('10,14'),('12,2'),('11,-6'),('-3,-9'),('-13,0'),('-9,10'),('3,8');
LOADED points and their indexes: 
1, (3, 8)
2, (10, 14)
3, (12, 2)
4, (11, -6)
5, (-3, -9)
6, (-13, 0)
7, (-9, 10)
8, (3, 8)
area: 373.322775</StdOut>
      </Output>
    </UnitTestResult>
    <UnitTestResult executionId="39c0175f-d2b7-484a-826f-c5158212b08d" testId="a2358529-9339-1672-c05a-c788fe0ca1bd" testName="LenghtTest1" computerName="MSSQLSERVER" duration="00:00:00.0290041" startTime="2020-06-21T23:00:09.1380800+02:00" endTime="2020-06-21T23:00:09.1700800+02:00" testType="13cdc9d9-ddb5-4fa4-a97d-d965ccfc6d4b" outcome="Passed" testListId="8c84fa94-04c1-424b-9868-57a2d4851a1d">
      <Output>
        <StdOut>-- DB Connection OK --
INSERT INTO points VALUES ('3,8'),('10,14'),('12,2'),('11,-6'),('-3,-9'),('-13,0'),('-9,10'),('3,8');
LOADED points and their indexes: 
1, (3, 8)
2, (10, 14)
3, (12, 2)
4, (11, -6)
5, (-3, -9)
6, (-13, 0)
7, (-9, 10)
8, (3, 8)</StdOut>
      </Output>
    </UnitTestResult>
    <UnitTestResult executionId="d90cb09a-067c-46f8-8cbd-405a20269995" testId="fb408dc1-6238-b282-156a-98f9d452e49a" testName="PointInclusionTest2" computerName="MSSQLSERVER" duration="00:00:00.0269596" startTime="2020-06-21T23:00:09.1740800+02:00" endTime="2020-06-21T23:00:09.2040800+02:00" testType="13cdc9d9-ddb5-4fa4-a97d-d965ccfc6d4b" outcome="Failed" testListId="8c84fa94-04c1-424b-9868-57a2d4851a1d">
      <Output>
        <StdOut>-- DB Connection OK --
INSERT INTO points VALUES ('3,8'),('10,14'),('12,2'),('11,-6'),('-3,-9'),('-13,0'),('-9,10'),('3,8');
LOADED points and their indexes: 
1, (3, 8)
2, (10, 14)
3, (12, 2)
4, (11, -6)
5, (-3, -9)
6, (-13, 0)
7, (-9, 10)
8, (3, 8)</StdOut>
        <ErrorInfo>
          <Message>Test method unitTests.UnitTest.PointInclusionTest2 threw exception:  System.Data.SqlClient.SqlException: The isPointInside function requires 2 argument(s)..</Message>
          <StackTrace>    w System.Data.SqlClient.SqlConnection.OnError(SqlException exception, Boolean breakConnection)
   w System.Data.SqlClient.SqlInternalConnection.OnError(SqlException exception, Boolean breakConnection)
   w System.Data.SqlClient.TdsParser.ThrowExceptionAndWarning(TdsParserStateObject stateObj)
   w System.Data.SqlClient.TdsParser.Run(RunBehavior runBehavior, SqlCommand cmdHandler, SqlDataReader dataStream, BulkCopySimpleResultSet bulkCopyHandler, TdsParserStateObject stateObj)
   w System.Data.SqlClient.SqlDataReader.ConsumeMetaData()
   w System.Data.SqlClient.SqlDataReader.get_MetaData()
   w System.Data.SqlClient.SqlCommand.FinishExecuteReader(SqlDataReader ds, RunBehavior runBehavior, String resetOptionsString)
   w System.Data.SqlClient.SqlCommand.RunExecuteReaderTds(CommandBehavior cmdBehavior, RunBehavior runBehavior, Boolean returnStream, Boolean async)
   w System.Data.SqlClient.SqlCommand.RunExecuteReader(CommandBehavior cmdBehavior, RunBehavior runBehavior, Boolean returnStream, String method, DbAsyncResult result)
   w System.Data.SqlClient.SqlCommand.RunExecuteReader(CommandBehavior cmdBehavior, RunBehavior runBehavior, Boolean returnStream, String method)
   w System.Data.SqlClient.SqlCommand.ExecuteScalar()
   w Projekt.Tests.IsInside(Double x, Double y) w C:\Users\Administrator\Desktop\Projekt\Testy\test\Program.cs:wiersz 184
   w unitTests.UnitTest.PointInclusionTest2() w C:\Users\Administrator\Desktop\Projekt\Testy\unitTests\UnitTest1.cs:wiersz 94
</StackTrace>
        </ErrorInfo>
      </Output>
    </UnitTestResult>
  </Results>
</TestRun>