<?xml version="1.0" encoding="UTF-8"?>
<TestRun id="f3513d9c-c221-4985-b9d1-04790971ede6" name="Administrator@MSSQLSERVER 2020-06-21 22:59:15" runUser="MSSQLSERVER\Administrator" xmlns="http://microsoft.com/schemas/VisualStudio/TeamTest/2006">
  <TestRunConfiguration name="Local Test Run" id="e3264741-4540-4a4a-a8de-576e98effc19">
    <Description>This is a default test run configuration for a local test run.</Description>
    <Deployment runDeploymentRoot="C:\Users\Administrator\Desktop\Projekt\Testy\test\TestResults\Administrator_MSSQLSERVER 2020-06-21 22_59_15">
      <DeploymentItem filename="C:\Users\Administrator\Desktop\Projekt\Testy\test\bin\Release\test.exe" />
      <DeploymentItem filename="C:\Users\Administrator\Desktop\Projekt\Projekt\obj\Debug\SqlClassLibrary.dll" />
    </Deployment>
    <TestTypeSpecific />
  </TestRunConfiguration>
  <ResultSummary outcome="Completed">
    <Counters total="8" executed="8" passed="8" error="0" failed="0" timeout="0" aborted="0" inconclusive="0" passedButRunAborted="0" notRunnable="0" notExecuted="0" disconnected="0" warning="0" completed="0" inProgress="0" pending="0" />
  </ResultSummary>
  <Times creation="2020-06-21T22:59:15.2720800+02:00" queuing="2020-06-21T22:59:15.8620800+02:00" start="2020-06-21T22:59:16.0310800+02:00" finish="2020-06-21T22:59:17.2330800+02:00" />
  <TestDefinitions>
    <UnitTest name="PointInclusionTest3" storage="c:\users\administrator\desktop\projekt\testy\unittests\bin\debug\unittests.dll" id="64ccbf21-67c3-f460-f6d8-694fe6751bbb">
      <Css projectStructure="" iteration="" />
      <Owners>
        <Owner name="" />
      </Owners>
      <Execution id="df0ff7fc-3ad7-435b-9fa3-911d4fc2b7a1" />
      <TestMethod codeBase="C:\Users\Administrator\Desktop\Projekt\Testy\unitTests\bin\Debug\unitTests.dll" adapterTypeName="Microsoft.VisualStudio.TestTools.TestTypes.Unit.UnitTestAdapter, Microsoft.VisualStudio.QualityTools.Tips.UnitTest.Adapter, Version=9.0.0.0, Culture=neutral, PublicKeyToken=b03f5f7f11d50a3a" className="unitTests.UnitTest, unitTests" name="PointInclusionTest3" />
    </UnitTest>
    <UnitTest name="PointInclusionTest1" storage="c:\users\administrator\desktop\projekt\testy\unittests\bin\debug\unittests.dll" id="6ed5ea67-55d0-1364-da6d-4afd738a0e9f">
      <Css projectStructure="" iteration="" />
      <Owners>
        <Owner name="" />
      </Owners>
      <Execution id="5e40b355-50f8-4fcf-ba12-53949c3bb680" />
      <TestMethod codeBase="C:\Users\Administrator\Desktop\Projekt\Testy\unitTests\bin\Debug\unitTests.dll" adapterTypeName="Microsoft.VisualStudio.TestTools.TestTypes.Unit.UnitTestAdapter, Microsoft.VisualStudio.QualityTools.Tips.UnitTest.Adapter, Version=9.0.0.0, Culture=neutral, PublicKeyToken=b03f5f7f11d50a3a" className="unitTests.UnitTest, unitTests" name="PointInclusionTest1" />
    </UnitTest>
    <UnitTest name="LenghtTest3" storage="c:\users\administrator\desktop\projekt\testy\unittests\bin\debug\unittests.dll" id="4f08e93b-d94b-f524-4628-b652b170257a">
      <Css projectStructure="" iteration="" />
      <Owners>
        <Owner name="" />
      </Owners>
      <Execution id="03a90a4f-f45c-4e98-a871-1f64b46b9bae" />
      <TestMethod codeBase="C:\Users\Administrator\Desktop\Projekt\Testy\unitTests\bin\Debug\unitTests.dll" adapterTypeName="Microsoft.VisualStudio.TestTools.TestTypes.Unit.UnitTestAdapter, Microsoft.VisualStudio.QualityTools.Tips.UnitTest.Adapter, Version=9.0.0.0, Culture=neutral, PublicKeyToken=b03f5f7f11d50a3a" className="unitTests.UnitTest, unitTests" name="LenghtTest3" />
    </UnitTest>
    <UnitTest name="PointInclusionTest2" storage="c:\users\administrator\desktop\projekt\testy\unittests\bin\debug\unittests.dll" id="fb408dc1-6238-b282-156a-98f9d452e49a">
      <Css projectStructure="" iteration="" />
      <Owners>
        <Owner name="" />
      </Owners>
      <Execution id="9168bed5-209a-4514-a375-d16ef2f31f5a" />
      <TestMethod codeBase="C:\Users\Administrator\Desktop\Projekt\Testy\unitTests\bin\Debug\unitTests.dll" adapterTypeName="Microsoft.VisualStudio.TestTools.TestTypes.Unit.UnitTestAdapter, Microsoft.VisualStudio.QualityTools.Tips.UnitTest.Adapter, Version=9.0.0.0, Culture=neutral, PublicKeyToken=b03f5f7f11d50a3a" className="unitTests.UnitTest, unitTests" name="PointInclusionTest2" />
    </UnitTest>
    <UnitTest name="LenghtTest2" storage="c:\users\administrator\desktop\projekt\testy\unittests\bin\debug\unittests.dll" id="04218712-d607-2bab-9c62-3b4a42925934">
      <Css projectStructure="" iteration="" />
      <Owners>
        <Owner name="" />
      </Owners>
      <Execution id="1391d5f0-17cf-4c3c-b88b-6bee2dc28249" />
      <TestMethod codeBase="C:\Users\Administrator\Desktop\Projekt\Testy\unitTests\bin\Debug\unitTests.dll" adapterTypeName="Microsoft.VisualStudio.TestTools.TestTypes.Unit.UnitTestAdapter, Microsoft.VisualStudio.QualityTools.Tips.UnitTest.Adapter, Version=9.0.0.0, Culture=neutral, PublicKeyToken=b03f5f7f11d50a3a" className="unitTests.UnitTest, unitTests" name="LenghtTest2" />
    </UnitTest>
    <UnitTest name="LenghtTest1" storage="c:\users\administrator\desktop\projekt\testy\unittests\bin\debug\unittests.dll" id="a2358529-9339-1672-c05a-c788fe0ca1bd">
      <Css projectStructure="" iteration="" />
      <Owners>
        <Owner name="" />
      </Owners>
      <Execution id="9499994a-c061-465a-8a81-15f8a2b555b4" />
      <TestMethod codeBase="C:\Users\Administrator\Desktop\Projekt\Testy\unitTests\bin\Debug\unitTests.dll" adapterTypeName="Microsoft.VisualStudio.TestTools.TestTypes.Unit.UnitTestAdapter, Microsoft.VisualStudio.QualityTools.Tips.UnitTest.Adapter, Version=9.0.0.0, Culture=neutral, PublicKeyToken=b03f5f7f11d50a3a" className="unitTests.UnitTest, unitTests" name="LenghtTest1" />
    </UnitTest>
    <UnitTest name="PointInclusionTest4" storage="c:\users\administrator\desktop\projekt\testy\unittests\bin\debug\unittests.dll" id="0e8a3679-2481-360e-0dd8-c15a100fc509">
      <Css projectStructure="" iteration="" />
      <Owners>
        <Owner name="" />
      </Owners>
      <Execution id="5239f367-3150-4e0c-831a-1efdea6c34a6" />
      <TestMethod codeBase="C:\Users\Administrator\Desktop\Projekt\Testy\unitTests\bin\Debug\unitTests.dll" adapterTypeName="Microsoft.VisualStudio.TestTools.TestTypes.Unit.UnitTestAdapter, Microsoft.VisualStudio.QualityTools.Tips.UnitTest.Adapter, Version=9.0.0.0, Culture=neutral, PublicKeyToken=b03f5f7f11d50a3a" className="unitTests.UnitTest, unitTests" name="PointInclusionTest4" />
    </UnitTest>
    <UnitTest name="AreaTest" storage="c:\users\administrator\desktop\projekt\testy\unittests\bin\debug\unittests.dll" id="94eb9265-23af-e4a5-9643-5f18c53c7a87">
      <Css projectStructure="" iteration="" />
      <Owners>
        <Owner name="" />
      </Owners>
      <Execution id="5127bb0f-f859-4b2b-964b-dab20965b81f" />
      <TestMethod codeBase="C:\Users\Administrator\Desktop\Projekt\Testy\unitTests\bin\Debug\unitTests.dll" adapterTypeName="Microsoft.VisualStudio.TestTools.TestTypes.Unit.UnitTestAdapter, Microsoft.VisualStudio.QualityTools.Tips.UnitTest.Adapter, Version=9.0.0.0, Culture=neutral, PublicKeyToken=b03f5f7f11d50a3a" className="unitTests.UnitTest, unitTests" name="AreaTest" />
    </UnitTest>
  </TestDefinitions>
  <TestLists>
    <TestList name="Results Not in a List" id="8c84fa94-04c1-424b-9868-57a2d4851a1d" />
    <TestList name="All Loaded Results" id="19431567-8539-422a-85d7-44ee4e166bda" />
  </TestLists>
  <TestEntries>
    <TestEntry testId="04218712-d607-2bab-9c62-3b4a42925934" executionId="1391d5f0-17cf-4c3c-b88b-6bee2dc28249" testListId="8c84fa94-04c1-424b-9868-57a2d4851a1d" />
    <TestEntry testId="0e8a3679-2481-360e-0dd8-c15a100fc509" executionId="5239f367-3150-4e0c-831a-1efdea6c34a6" testListId="8c84fa94-04c1-424b-9868-57a2d4851a1d" />
    <TestEntry testId="4f08e93b-d94b-f524-4628-b652b170257a" executionId="03a90a4f-f45c-4e98-a871-1f64b46b9bae" testListId="8c84fa94-04c1-424b-9868-57a2d4851a1d" />
    <TestEntry testId="64ccbf21-67c3-f460-f6d8-694fe6751bbb" executionId="df0ff7fc-3ad7-435b-9fa3-911d4fc2b7a1" testListId="8c84fa94-04c1-424b-9868-57a2d4851a1d" />
    <TestEntry testId="6ed5ea67-55d0-1364-da6d-4afd738a0e9f" executionId="5e40b355-50f8-4fcf-ba12-53949c3bb680" testListId="8c84fa94-04c1-424b-9868-57a2d4851a1d" />
    <TestEntry testId="94eb9265-23af-e4a5-9643-5f18c53c7a87" executionId="5127bb0f-f859-4b2b-964b-dab20965b81f" testListId="8c84fa94-04c1-424b-9868-57a2d4851a1d" />
    <TestEntry testId="a2358529-9339-1672-c05a-c788fe0ca1bd" executionId="9499994a-c061-465a-8a81-15f8a2b555b4" testListId="8c84fa94-04c1-424b-9868-57a2d4851a1d" />
    <TestEntry testId="fb408dc1-6238-b282-156a-98f9d452e49a" executionId="9168bed5-209a-4514-a375-d16ef2f31f5a" testListId="8c84fa94-04c1-424b-9868-57a2d4851a1d" />
  </TestEntries>
  <Results>
    <UnitTestResult executionId="1391d5f0-17cf-4c3c-b88b-6bee2dc28249" testId="04218712-d607-2bab-9c62-3b4a42925934" testName="LenghtTest2" computerName="MSSQLSERVER" duration="00:00:00.0796256" startTime="2020-06-21T22:59:16.0820800+02:00" endTime="2020-06-21T22:59:16.3010800+02:00" testType="13cdc9d9-ddb5-4fa4-a97d-d965ccfc6d4b" outcome="Passed" testListId="8c84fa94-04c1-424b-9868-57a2d4851a1d">
      <Output>
        <StdOut>-- DB Connection OK --
INSERT INTO points VALUES ('3,8'),('10,14'),('12,2'),('11,-6'),('-3,-9'),('-13,0'),('-9,10'),('3,8');
LOADED points and their indexes: 
1, (3, 8)
2, (10, 14)
3, (12, 2)
4, (11, -6)
5, (-3, -9)
6, (-13, 0)
7, (-9, 10)
8, (3, 8)</StdOut>
      </Output>
    </UnitTestResult>
    <UnitTestResult executionId="5239f367-3150-4e0c-831a-1efdea6c34a6" testId="0e8a3679-2481-360e-0dd8-c15a100fc509" testName="PointInclusionTest4" computerName="MSSQLSERVER" duration="00:00:00.0247595" startTime="2020-06-21T22:59:16.3040800+02:00" endTime="2020-06-21T22:59:16.3380800+02:00" testType="13cdc9d9-ddb5-4fa4-a97d-d965ccfc6d4b" outcome="Passed" testListId="8c84fa94-04c1-424b-9868-57a2d4851a1d">
      <Output>
        <StdOut>-- DB Connection OK --
INSERT INTO points VALUES ('3,8'),('10,14'),('12,2'),('11,-6'),('-3,-9'),('-13,0'),('-9,10'),('3,8');
LOADED points and their indexes: 
1, (3, 8)
2, (10, 14)
3, (12, 2)
4, (11, -6)
5, (-3, -9)
6, (-13, 0)
7, (-9, 10)
8, (3, 8)</StdOut>
      </Output>
    </UnitTestResult>
    <UnitTestResult executionId="03a90a4f-f45c-4e98-a871-1f64b46b9bae" testId="4f08e93b-d94b-f524-4628-b652b170257a" testName="LenghtTest3" computerName="MSSQLSERVER" duration="00:00:00.0273813" startTime="2020-06-21T22:59:16.3410800+02:00" endTime="2020-06-21T22:59:16.3710800+02:00" testType="13cdc9d9-ddb5-4fa4-a97d-d965ccfc6d4b" outcome="Passed" testListId="8c84fa94-04c1-424b-9868-57a2d4851a1d">
      <Output>
        <StdOut>-- DB Connection OK --
INSERT INTO points VALUES ('3,8'),('10,14'),('12,2'),('11,-6'),('-3,-9'),('-13,0'),('-9,10'),('3,8');
LOADED points and their indexes: 
1, (3, 8)
2, (10, 14)
3, (12, 2)
4, (11, -6)
5, (-3, -9)
6, (-13, 0)
7, (-9, 10)
8, (3, 8)</StdOut>
      </Output>
    </UnitTestResult>
    <UnitTestResult executionId="df0ff7fc-3ad7-435b-9fa3-911d4fc2b7a1" testId="64ccbf21-67c3-f460-f6d8-694fe6751bbb" testName="PointInclusionTest3" computerName="MSSQLSERVER" duration="00:00:00.0272289" startTime="2020-06-21T22:59:16.3750800+02:00" endTime="2020-06-21T22:59:16.4050800+02:00" testType="13cdc9d9-ddb5-4fa4-a97d-d965ccfc6d4b" outcome="Passed" testListId="8c84fa94-04c1-424b-9868-57a2d4851a1d">
      <Output>
        <StdOut>-- DB Connection OK --
INSERT INTO points VALUES ('3,8'),('10,14'),('12,2'),('11,-6'),('-3,-9'),('-13,0'),('-9,10'),('3,8');
LOADED points and their indexes: 
1, (3, 8)
2, (10, 14)
3, (12, 2)
4, (11, -6)
5, (-3, -9)
6, (-13, 0)
7, (-9, 10)
8, (3, 8)</StdOut>
      </Output>
    </UnitTestResult>
    <UnitTestResult executionId="5e40b355-50f8-4fcf-ba12-53949c3bb680" testId="6ed5ea67-55d0-1364-da6d-4afd738a0e9f" testName="PointInclusionTest1" computerName="MSSQLSERVER" duration="00:00:00.0281949" startTime="2020-06-21T22:59:16.4080800+02:00" endTime="2020-06-21T22:59:16.4390800+02:00" testType="13cdc9d9-ddb5-4fa4-a97d-d965ccfc6d4b" outcome="Passed" testListId="8c84fa94-04c1-424b-9868-57a2d4851a1d">
      <Output>
        <StdOut>-- DB Connection OK --
INSERT INTO points VALUES ('3,8'),('10,14'),('12,2'),('11,-6'),('-3,-9'),('-13,0'),('-9,10'),('3,8');
LOADED points and their indexes: 
1, (3, 8)
2, (10, 14)
3, (12, 2)
4, (11, -6)
5, (-3, -9)
6, (-13, 0)
7, (-9, 10)
8, (3, 8)</StdOut>
      </Output>
    </UnitTestResult>
    <UnitTestResult executionId="5127bb0f-f859-4b2b-964b-dab20965b81f" testId="94eb9265-23af-e4a5-9643-5f18c53c7a87" testName="AreaTest" computerName="MSSQLSERVER" duration="00:00:00.5784659" startTime="2020-06-21T22:59:16.4420800+02:00" endTime="2020-06-21T22:59:17.0240800+02:00" testType="13cdc9d9-ddb5-4fa4-a97d-d965ccfc6d4b" outcome="Passed" testListId="8c84fa94-04c1-424b-9868-57a2d4851a1d">
      <Output>
        <StdOut>-- DB Connection OK --
INSERT INTO points VALUES ('3,8'),('10,14'),('12,2'),('11,-6'),('-3,-9'),('-13,0'),('-9,10'),('3,8');
LOADED points and their indexes: 
1, (3, 8)
2, (10, 14)
3, (12, 2)
4, (11, -6)
5, (-3, -9)
6, (-13, 0)
7, (-9, 10)
8, (3, 8)
area: 372.889225</StdOut>
      </Output>
    </UnitTestResult>
    <UnitTestResult executionId="9499994a-c061-465a-8a81-15f8a2b555b4" testId="a2358529-9339-1672-c05a-c788fe0ca1bd" testName="LenghtTest1" computerName="MSSQLSERVER" duration="00:00:00.0265751" startTime="2020-06-21T22:59:17.0270800+02:00" endTime="2020-06-21T22:59:17.0570800+02:00" testType="13cdc9d9-ddb5-4fa4-a97d-d965ccfc6d4b" outcome="Passed" testListId="8c84fa94-04c1-424b-9868-57a2d4851a1d">
      <Output>
        <StdOut>-- DB Connection OK --
INSERT INTO points VALUES ('3,8'),('10,14'),('12,2'),('11,-6'),('-3,-9'),('-13,0'),('-9,10'),('3,8');
LOADED points and their indexes: 
1, (3, 8)
2, (10, 14)
3, (12, 2)
4, (11, -6)
5, (-3, -9)
6, (-13, 0)
7, (-9, 10)
8, (3, 8)</StdOut>
      </Output>
    </UnitTestResult>
    <UnitTestResult executionId="9168bed5-209a-4514-a375-d16ef2f31f5a" testId="fb408dc1-6238-b282-156a-98f9d452e49a" testName="PointInclusionTest2" computerName="MSSQLSERVER" duration="00:00:00.0252858" startTime="2020-06-21T22:59:17.0600800+02:00" endTime="2020-06-21T22:59:17.0890800+02:00" testType="13cdc9d9-ddb5-4fa4-a97d-d965ccfc6d4b" outcome="Passed" testListId="8c84fa94-04c1-424b-9868-57a2d4851a1d">
      <Output>
        <StdOut>-- DB Connection OK --
INSERT INTO points VALUES ('3,8'),('10,14'),('12,2'),('11,-6'),('-3,-9'),('-13,0'),('-9,10'),('3,8');
LOADED points and their indexes: 
1, (3, 8)
2, (10, 14)
3, (12, 2)
4, (11, -6)
5, (-3, -9)
6, (-13, 0)
7, (-9, 10)
8, (3, 8)</StdOut>
      </Output>
    </UnitTestResult>
  </Results>
</TestRun>